<?xml version="1.0" encoding="UTF-8"?>
<!-- Generated by org.testng.reporters.JUnitReportReporter -->
<testsuite hostname="LAPTOP-B65CD29P" failures="0" tests="3" name="TestNGClass.MyFirstTestNGApplication" time="0.022" errors="0" timestamp="24 Jan 2021 08:08:17 GMT">
  <testcase classname="TestNGClass.MyFirstTestNGApplication" name="startapp" time="0.016"/>
  <testcase classname="TestNGClass.MyFirstTestNGApplication" name="logoutApp" time="0.003"/>
  <testcase classname="TestNGClass.MyFirstTestNGApplication" name="loginApp" time="0.003"/>
</testsuite> <!-- TestNGClass.MyFirstTestNGApplication -->
